VRVisionTests/Temp/gradleOut/launcher/build/intermediates/manifest_merge_blame_file/release/manifest-merger-blame-release-report.txt
1<?xml version="1.0" encoding="utf-8"?>
2<!-- GENERATED BY UNITY. REMOVE THIS COMMENT TO PREVENT OVERWRITING WHEN EXPORTING AGAIN -->
3<manifest xmlns:android="http://schemas.android.com/apk/res/android"
4    package="com.DefaultCompany.VRVisionTests"
5    android:installLocation="auto"
6    android:versionCode="1"
7    android:versionName="0.1" >
8
9    <uses-sdk
10        android:minSdkVersion="23"
10-->src\main\AndroidManifest.xml
11        android:targetSdkVersion="29" />
11-->src\main\AndroidManifest.xml
12
13    <supports-screens
13-->src\main\AndroidManifest.xml:4:3-163
14        android:anyDensity="true"
14-->src\main\AndroidManifest.xml:4:135-160
15        android:largeScreens="true"
15-->src\main\AndroidManifest.xml:4:78-105
16        android:normalScreens="true"
16-->src\main\AndroidManifest.xml:4:49-77
17        android:smallScreens="true"
17-->src\main\AndroidManifest.xml:4:21-48
18        android:xlargeScreens="true" />
18-->src\main\AndroidManifest.xml:4:106-134
19
20    <uses-feature android:glEsVersion="0x00030000" />
20-->[:unityLibrary] AndroidManifest.xml:14:5-54
20-->[:unityLibrary] AndroidManifest.xml:14:19-51
21
22    <uses-permission android:name="android.permission.INTERNET" />
22-->[:unityLibrary] AndroidManifest.xml:16:5-67
22-->[:unityLibrary] AndroidManifest.xml:16:22-64
23    <uses-permission android:name="android.permission.RECORD_AUDIO" />
23-->[:unityLibrary] AndroidManifest.xml:17:5-71
23-->[:unityLibrary] AndroidManifest.xml:17:22-68
24    <uses-permission android:name="android.permission.MODIFY_AUDIO_SETTINGS" />
24-->[:unityLibrary] AndroidManifest.xml:18:5-80
24-->[:unityLibrary] AndroidManifest.xml:18:22-77
25
26    <uses-feature
26-->[:unityLibrary] AndroidManifest.xml:20:5-22:36
27        android:name="android.hardware.microphone"
27-->[:unityLibrary] AndroidManifest.xml:21:9-51
28        android:required="false" />
28-->[:unityLibrary] AndroidManifest.xml:22:9-33
29    <uses-feature
29-->[:unityLibrary] AndroidManifest.xml:23:5-25:36
30        android:name="android.hardware.sensor.accelerometer"
30-->[:unityLibrary] AndroidManifest.xml:24:9-61
31        android:required="false" />
31-->[:unityLibrary] AndroidManifest.xml:25:9-33
32    <uses-feature
32-->[:unityLibrary] AndroidManifest.xml:26:5-28:36
33        android:name="android.hardware.touchscreen"
33-->[:unityLibrary] AndroidManifest.xml:27:9-52
34        android:required="false" />
34-->[:unityLibrary] AndroidManifest.xml:28:9-33
35    <uses-feature
35-->[:unityLibrary] AndroidManifest.xml:29:5-31:36
36        android:name="android.hardware.touchscreen.multitouch"
36-->[:unityLibrary] AndroidManifest.xml:30:9-63
37        android:required="false" />
37-->[:unityLibrary] AndroidManifest.xml:31:9-33
38    <uses-feature
38-->[:unityLibrary] AndroidManifest.xml:32:5-34:36
39        android:name="android.hardware.touchscreen.multitouch.distinct"
39-->[:unityLibrary] AndroidManifest.xml:33:9-72
40        android:required="false" />
40-->[:unityLibrary] AndroidManifest.xml:34:9-33
41    <uses-feature
41-->[:unityLibrary] AndroidManifest.xml:35:5-38:31
42        android:name="android.hardware.vr.headtracking"
42-->[:unityLibrary] AndroidManifest.xml:36:9-56
43        android:required="true"
43-->[:unityLibrary] AndroidManifest.xml:37:9-32
44        android:version="1" />
44-->[:unityLibrary] AndroidManifest.xml:38:9-28
45    <uses-feature
45-->[:unityLibrary] AndroidManifest.xml:39:5-41:35
46        android:name="oculus.software.handtracking"
46-->[:unityLibrary] AndroidManifest.xml:40:9-52
47        android:required="true" />
47-->[:unityLibrary] AndroidManifest.xml:41:9-32
48
49    <uses-permission android:name="com.oculus.permission.HAND_TRACKING" />
49-->[:unityLibrary] AndroidManifest.xml:43:5-75
49-->[:unityLibrary] AndroidManifest.xml:43:22-72
50
51    <application
51-->src\main\AndroidManifest.xml:5:3-116
52        android:allowBackup="false"
52-->[:unityLibrary] AndroidManifest.xml:46:9-36
53        android:extractNativeLibs="true"
53-->src\main\AndroidManifest.xml:5:16-48
54        android:icon="@mipmap/app_icon"
54-->src\main\AndroidManifest.xml:5:82-113
55        android:label="@string/app_name"
55-->src\main\AndroidManifest.xml:5:49-81
56        android:networkSecurityConfig="@xml/network_sec_config" >
56-->[:unityLibrary] AndroidManifest.xml:49:9-64
57        <activity
57-->[:unityLibrary] AndroidManifest.xml:50:9-73:20
58            android:name="com.unity3d.player.UnityPlayerActivity"
58-->[:unityLibrary] AndroidManifest.xml:51:13-66
59            android:configChanges="keyboard|keyboardHidden|navigation|orientation|screenLayout|screenSize|uiMode"
59-->[:unityLibrary] AndroidManifest.xml:52:13-114
60            android:hardwareAccelerated="false"
60-->[:unityLibrary] AndroidManifest.xml:53:13-48
61            android:launchMode="singleTask"
61-->[:unityLibrary] AndroidManifest.xml:54:13-44
62            android:screenOrientation="landscape"
62-->[:unityLibrary] AndroidManifest.xml:55:13-50
63            android:theme="@android:style/Theme.Black.NoTitleBar.Fullscreen" >
63-->[:unityLibrary] AndroidManifest.xml:56:13-77
64            <intent-filter>
64-->[:unityLibrary] AndroidManifest.xml:57:13-62:29
65                <action android:name="android.intent.action.MAIN" />
65-->[:unityLibrary] AndroidManifest.xml:58:17-69
65-->[:unityLibrary] AndroidManifest.xml:58:25-66
66
67                <category android:name="android.intent.category.LAUNCHER" />
67-->[:unityLibrary] AndroidManifest.xml:60:17-77
67-->[:unityLibrary] AndroidManifest.xml:60:27-74
68                <category android:name="com.oculus.intent.category.VR" />
68-->[:unityLibrary] AndroidManifest.xml:61:17-74
68-->[:unityLibrary] AndroidManifest.xml:61:27-71
69            </intent-filter>
70
71            <meta-data
71-->[:unityLibrary] AndroidManifest.xml:64:13-66:40
72                android:name="unityplayer.UnityActivity"
72-->[:unityLibrary] AndroidManifest.xml:65:17-57
73                android:value="true" />
73-->[:unityLibrary] AndroidManifest.xml:66:17-37
74            <meta-data
74-->[:unityLibrary] AndroidManifest.xml:67:13-69:40
75                android:name="android.notch_support"
75-->[:unityLibrary] AndroidManifest.xml:68:17-53
76                android:value="true" />
76-->[:unityLibrary] AndroidManifest.xml:69:17-37
77            <meta-data
77-->[:unityLibrary] AndroidManifest.xml:70:13-72:40
78                android:name="com.oculus.vr.focusaware"
78-->[:unityLibrary] AndroidManifest.xml:71:17-56
79                android:value="true" />
79-->[:unityLibrary] AndroidManifest.xml:72:17-37
80        </activity>
81
82        <meta-data
82-->[:unityLibrary] AndroidManifest.xml:75:9-77:33
83            android:name="unity.splash-mode"
83-->[:unityLibrary] AndroidManifest.xml:76:13-45
84            android:value="0" />
84-->[:unityLibrary] AndroidManifest.xml:77:13-30
85        <meta-data
85-->[:unityLibrary] AndroidManifest.xml:78:9-80:36
86            android:name="unity.splash-enable"
86-->[:unityLibrary] AndroidManifest.xml:79:13-47
87            android:value="True" />
87-->[:unityLibrary] AndroidManifest.xml:80:13-33
88        <meta-data
88-->[:unityLibrary] AndroidManifest.xml:81:9-83:50
89            android:name="notch.config"
89-->[:unityLibrary] AndroidManifest.xml:82:13-40
90            android:value="portrait|landscape" />
90-->[:unityLibrary] AndroidManifest.xml:83:13-47
91        <meta-data
91-->[:unityLibrary] AndroidManifest.xml:84:9-86:68
92            android:name="unity.build-id"
92-->[:unityLibrary] AndroidManifest.xml:85:13-42
93            android:value="a7e22439-71ee-46b0-86e3-0ed8b80f5f1a" />
93-->[:unityLibrary] AndroidManifest.xml:86:13-65
94        <meta-data
94-->[:unityLibrary] AndroidManifest.xml:87:9-89:39
95            android:name="com.samsung.android.vr.application.mode"
95-->[:unityLibrary] AndroidManifest.xml:88:13-67
96            android:value="vr_only" />
96-->[:unityLibrary] AndroidManifest.xml:89:13-36
97        <meta-data
97-->[:unityLibrary] AndroidManifest.xml:90:9-92:37
98            android:name="com.unity.xr.oculus.LowOverheadMode"
98-->[:unityLibrary] AndroidManifest.xml:91:13-63
99            android:value="false" />
99-->[:unityLibrary] AndroidManifest.xml:92:13-34
100        <meta-data
100-->[:unityLibrary] AndroidManifest.xml:93:9-95:44
101            android:name="com.oculus.supportedDevices"
101-->[:unityLibrary] AndroidManifest.xml:94:13-55
102            android:value="quest|quest2" />
102-->[:unityLibrary] AndroidManifest.xml:95:13-41
103    </application>
104
105</manifest>